<?xml version="1.0" encoding="UTF-8"?>
<!-- Generated by org.testng.reporters.JUnitXMLReporter -->
<testsuite ignored="0" hostname="DESKTOP-TP6DM8S" failures="0" tests="4" name="Login Test" time="72.681" errors="0" timestamp="23 Feb 2021 10:37:04 GMT">
  <testcase classname="qa.test.LoginPageTest" name="logintest" time="0.502"/>
  <testcase classname="qa.test.HomePageTest" name="calanderlinktest" time="1.206"/>
  <testcase classname="qa.test.LoginPageTest" name="titletest" time="0.013"/>
  <testcase classname="qa.test.HomePageTest" name="userhometest" time="5.061"/>
</testsuite> <!-- Login Test -->
