<?xml version="1.0" encoding="UTF-8"?>
<!-- Generated by org.testng.reporters.JUnitXMLReporter -->
<testsuite ignored="0" hostname="DESKTOP-TP6DM8S" failures="0" tests="3" name="Default test" time="72.813" errors="0" timestamp="23 Feb 2021 09:27:00 GMT">
  <testcase classname="qa.test.ContactPageTest" name="addinguser" time="8.733"/>
  <testcase classname="qa.test.ContactPageTest" name="addinguser" time="9.365"/>
  <testcase classname="qa.test.ContactPageTest" name="addinguser" time="7.946"/>
</testsuite> <!-- Default test -->
