<?xml version="1.0" encoding="UTF-8"?>
<!-- Generated by org.testng.reporters.JUnitXMLReporter -->
<testsuite ignored="0" hostname="DESKTOP-TP6DM8S" failures="0" tests="7" name="Command line test" time="166.369" errors="0" timestamp="23 Feb 2021 14:06:34 GMT">
  <testcase classname="qa.test.ContactPageTest" name="addinguser" time="9.646"/>
  <testcase classname="qa.test.ContactPageTest" name="addinguser" time="9.008"/>
  <testcase classname="qa.test.ContactPageTest" name="addinguser" time="9.235"/>
  <testcase classname="qa.test.HomePageTest" name="calanderlinktest" time="1.328"/>
  <testcase classname="qa.test.LoginPageTest" name="logintest" time="0.576"/>
  <testcase classname="qa.test.HomePageTest" name="userhometest" time="5.238"/>
  <testcase classname="qa.test.LoginPageTest" name="titletest" time="0.013"/>
</testsuite> <!-- Command line test -->
