<?xml version="1.0" encoding="UTF-8" ?>
<testsuite tests="7" failures="0" name="TestSuite" time="35.046" errors="0" skipped="0">
  <properties>
[...]
</properties>
  <testcase classname="qa.test.ContactPageTest" name="addinguser" time="9.646"/>
  <testcase classname="qa.test.ContactPageTest" name="addinguser" time="9.008"/>
  <testcase classname="qa.test.ContactPageTest" name="addinguser" time="9.238"/>
  <testcase classname="qa.test.HomePageTest" name="calanderlinktest" time="1.328"/>
  <testcase classname="qa.test.LoginPageTest" name="logintest" time="0.576"/>
  <testcase classname="qa.test.HomePageTest" name="userhometest" time="5.238"/>
  <testcase classname="qa.test.LoginPageTest" name="titletest" time="0.012"/>
</testsuite>