<?xml version="1.0" encoding="UTF-8"?>
<testng-results ignored="0" total="7" passed="7" failed="0" skipped="0">
  <reporter-output>
  </reporter-output>
  <suite started-at="2021-02-23T14:03:48Z" name="Command line suite" finished-at="2021-02-23T14:06:34Z" duration-ms="166369">
    <groups>
    </groups>
    <test started-at="2021-02-23T14:03:48Z" name="Command line test" finished-at="2021-02-23T14:06:34Z" duration-ms="166369">
      <class name="qa.test.LoginPageTest">
        <test-method is-config="true" signature="setup()[pri:0, instance:qa.test.LoginPageTest@1534f01b]" started-at="2021-02-23T19:35:39Z" name="setup" finished-at="2021-02-23T19:35:49Z" duration-ms="9885" status="PASS">
          <reporter-output>
          </reporter-output>
        </test-method> <!-- setup -->
        <test-method signature="logintest()[pri:0, instance:qa.test.LoginPageTest@1534f01b]" started-at="2021-02-23T19:35:49Z" name="logintest" finished-at="2021-02-23T19:35:50Z" duration-ms="576" status="PASS">
          <reporter-output>
          </reporter-output>
        </test-method> <!-- logintest -->
        <test-method is-config="true" signature="teardown()[pri:0, instance:qa.test.LoginPageTest@1534f01b]" started-at="2021-02-23T19:35:50Z" name="teardown" finished-at="2021-02-23T19:35:57Z" duration-ms="6976" status="PASS">
          <reporter-output>
          </reporter-output>
        </test-method> <!-- teardown -->
        <test-method is-config="true" signature="setup()[pri:0, instance:qa.test.LoginPageTest@1534f01b]" started-at="2021-02-23T19:36:19Z" name="setup" finished-at="2021-02-23T19:36:27Z" duration-ms="7647" status="PASS">
          <reporter-output>
          </reporter-output>
        </test-method> <!-- setup -->
        <test-method signature="titletest()[pri:1, instance:qa.test.LoginPageTest@1534f01b]" started-at="2021-02-23T19:36:27Z" name="titletest" finished-at="2021-02-23T19:36:27Z" duration-ms="13" status="PASS">
          <reporter-output>
          </reporter-output>
        </test-method> <!-- titletest -->
        <test-method is-config="true" signature="teardown()[pri:0, instance:qa.test.LoginPageTest@1534f01b]" started-at="2021-02-23T19:36:27Z" name="teardown" finished-at="2021-02-23T19:36:34Z" duration-ms="7559" status="PASS">
          <reporter-output>
          </reporter-output>
        </test-method> <!-- teardown -->
      </class> <!-- qa.test.LoginPageTest -->
      <class name="qa.test.HomePageTest">
        <test-method is-config="true" signature="setup()[pri:0, instance:qa.test.HomePageTest@4ddced80]" started-at="2021-02-23T19:35:19Z" name="setup" finished-at="2021-02-23T19:35:30Z" duration-ms="10688" status="PASS">
          <reporter-output>
          </reporter-output>
        </test-method> <!-- setup -->
        <test-method signature="calanderlinktest()[pri:0, instance:qa.test.HomePageTest@4ddced80]" started-at="2021-02-23T19:35:30Z" name="calanderlinktest" finished-at="2021-02-23T19:35:31Z" duration-ms="1328" status="PASS">
          <reporter-output>
          </reporter-output>
        </test-method> <!-- calanderlinktest -->
        <test-method is-config="true" signature="teardown()[pri:0, instance:qa.test.HomePageTest@4ddced80]" started-at="2021-02-23T19:35:31Z" name="teardown" finished-at="2021-02-23T19:35:39Z" duration-ms="7888" status="PASS">
          <reporter-output>
          </reporter-output>
        </test-method> <!-- teardown -->
        <test-method is-config="true" signature="setup()[pri:0, instance:qa.test.HomePageTest@4ddced80]" started-at="2021-02-23T19:35:57Z" name="setup" finished-at="2021-02-23T19:36:07Z" duration-ms="10510" status="PASS">
          <reporter-output>
          </reporter-output>
        </test-method> <!-- setup -->
        <test-method signature="userhometest()[pri:1, instance:qa.test.HomePageTest@4ddced80]" started-at="2021-02-23T19:36:07Z" name="userhometest" finished-at="2021-02-23T19:36:12Z" duration-ms="5238" status="PASS">
          <reporter-output>
          </reporter-output>
        </test-method> <!-- userhometest -->
        <test-method is-config="true" signature="teardown()[pri:0, instance:qa.test.HomePageTest@4ddced80]" started-at="2021-02-23T19:36:12Z" name="teardown" finished-at="2021-02-23T19:36:19Z" duration-ms="6736" status="PASS">
          <reporter-output>
          </reporter-output>
        </test-method> <!-- teardown -->
      </class> <!-- qa.test.HomePageTest -->
      <class name="qa.test.ContactPageTest">
        <test-method is-config="true" signature="setup()[pri:0, instance:qa.test.ContactPageTest@65466a6a]" started-at="2021-02-23T19:33:50Z" name="setup" finished-at="2021-02-23T19:34:10Z" duration-ms="19942" status="PASS">
          <reporter-output>
          </reporter-output>
        </test-method> <!-- setup -->
        <test-method signature="addinguser(java.lang.String, java.lang.String)[pri:0, instance:qa.test.ContactPageTest@65466a6a]" started-at="2021-02-23T19:34:10Z" name="addinguser" data-provider="getcontactdata" finished-at="2021-02-23T19:34:20Z" duration-ms="9646" status="PASS">
          <params>
            <param index="0">
              <value>
                <![CDATA[erterwt]]>
              </value>
            </param>
            <param index="1">
              <value>
                <![CDATA[jtyuhfjhf]]>
              </value>
            </param>
          </params>
          <reporter-output>
          </reporter-output>
        </test-method> <!-- addinguser -->
        <test-method is-config="true" signature="teardown()[pri:0, instance:qa.test.ContactPageTest@65466a6a]" started-at="2021-02-23T19:34:20Z" name="teardown" finished-at="2021-02-23T19:34:27Z" duration-ms="7257" status="PASS">
          <reporter-output>
          </reporter-output>
        </test-method> <!-- teardown -->
        <test-method is-config="true" signature="setup()[pri:0, instance:qa.test.ContactPageTest@65466a6a]" started-at="2021-02-23T19:34:27Z" name="setup" finished-at="2021-02-23T19:34:36Z" duration-ms="9138" status="PASS">
          <reporter-output>
          </reporter-output>
        </test-method> <!-- setup -->
        <test-method signature="addinguser(java.lang.String, java.lang.String)[pri:0, instance:qa.test.ContactPageTest@65466a6a]" started-at="2021-02-23T19:34:36Z" name="addinguser" data-provider="getcontactdata" finished-at="2021-02-23T19:34:45Z" duration-ms="9008" status="PASS">
          <params>
            <param index="0">
              <value>
                <![CDATA[rtyyretyrey]]>
              </value>
            </param>
            <param index="1">
              <value>
                <![CDATA[hjgjg]]>
              </value>
            </param>
          </params>
          <reporter-output>
          </reporter-output>
        </test-method> <!-- addinguser -->
        <test-method is-config="true" signature="teardown()[pri:0, instance:qa.test.ContactPageTest@65466a6a]" started-at="2021-02-23T19:34:45Z" name="teardown" finished-at="2021-02-23T19:34:52Z" duration-ms="6874" status="PASS">
          <reporter-output>
          </reporter-output>
        </test-method> <!-- teardown -->
        <test-method is-config="true" signature="setup()[pri:0, instance:qa.test.ContactPageTest@65466a6a]" started-at="2021-02-23T19:34:52Z" name="setup" finished-at="2021-02-23T19:35:03Z" duration-ms="11269" status="PASS">
          <reporter-output>
          </reporter-output>
        </test-method> <!-- setup -->
        <test-method signature="addinguser(java.lang.String, java.lang.String)[pri:0, instance:qa.test.ContactPageTest@65466a6a]" started-at="2021-02-23T19:35:03Z" name="addinguser" data-provider="getcontactdata" finished-at="2021-02-23T19:35:12Z" duration-ms="9235" status="PASS">
          <params>
            <param index="0">
              <value>
                <![CDATA[Opeerey]]>
              </value>
            </param>
            <param index="1">
              <value>
                <![CDATA[hjgjg]]>
              </value>
            </param>
          </params>
          <reporter-output>
          </reporter-output>
        </test-method> <!-- addinguser -->
        <test-method is-config="true" signature="teardown()[pri:0, instance:qa.test.ContactPageTest@65466a6a]" started-at="2021-02-23T19:35:12Z" name="teardown" finished-at="2021-02-23T19:35:19Z" duration-ms="6757" status="PASS">
          <reporter-output>
          </reporter-output>
        </test-method> <!-- teardown -->
      </class> <!-- qa.test.ContactPageTest -->
    </test> <!-- Command line test -->
  </suite> <!-- Command line suite -->
</testng-results>
